<component name="libraryTable">
  <library name="junit-jupiter-5.6.2">
    <CLASSES>
      <root url="jar://$PROJECT_DIR$/../../00.Libs/junit-jupiter-5.6.2.jar!/" />
      <root url="jar://$PROJECT_DIR$/../../00.Libs/junit-jupiter-api-5.6.2.jar!/" />
      <root url="jar://$PROJECT_DIR$/../../00.Libs/junit-jupiter-engine-5.6.2.jar!/" />
      <root url="jar://$PROJECT_DIR$/../../00.Libs/junit-jupiter-migrationsupport-5.6.2.jar!/" />
      <root url="jar://$PROJECT_DIR$/../../00.Libs/junit-jupiter-params-5.6.2.jar!/" />
    </CLASSES>
    <JAVADOC />
    <SOURCES />
  </library>
</component>